#
# There is insufficient memory for the Java Runtime Environment to continue.
# Native memory allocation (malloc) failed to allocate 1030320 bytes for Chunk::new
# Possible reasons:
#   The system is out of physical RAM or swap space
#   The process is running with CompressedOops enabled, and the Java Heap may be blocking the growth of the native heap
# Possible solutions:
#   Reduce memory load on the system
#   Increase physical memory or swap space
#   Check if swap backing store is full
#   Decrease Java heap size (-Xmx/-Xms)
#   Decrease number of Java threads
#   Decrease Java thread stack sizes (-Xss)
#   Set larger code cache with -XX:ReservedCodeCacheSize=
#   JVM is running with Unscaled Compressed Oops mode in which the Java heap is
#     placed in the first 4GB address space. The Java Heap base address is the
#     maximum limit for the native heap growth. Please use -XX:HeapBaseMinAddress
#     to set the Java Heap base and to place the Java Heap above 4GB virtual address.
# This output file may be truncated or incomplete.
#
#  Out of Memory Error (arena.cpp:189), pid=7096, tid=22332
#
# JRE version: Java(TM) SE Runtime Environment (17.0.12+8) (build 17.0.12+8-LTS-286)
# Java VM: Java HotSpot(TM) 64-Bit Server VM (17.0.12+8-LTS-286, mixed mode, sharing, tiered, compressed oops, compressed class ptrs, g1 gc, windows-amd64)
# No core dump will be written. Minidumps are not enabled by default on client versions of Windows
#

---------------  S U M M A R Y ------------

Command Line: -javaagent:C:\Program Files\JetBrains\IntelliJ IDEA Community Edition 2024.2.2\lib\idea_rt.jar=49235:C:\Program Files\JetBrains\IntelliJ IDEA Community Edition 2024.2.2\bin -Dfile.encoding=UTF-8 com.example.hotel_booking_system_backend.HotelBookingSystemBackendApplication

Host: Intel(R) Core(TM) i5-7300U CPU @ 2.60GHz, 4 cores, 7G,  Windows 11 , 64 bit Build 22000 (10.0.22000.2538)
Time: Fri Dec 12 19:35:24 2025 W. Central Africa Standard Time elapsed time: 15.476397 seconds (0d 0h 0m 15s)

---------------  T H R E A D  ---------------

Current thread (0x000001ffa94f55d0):  JavaThread "C2 CompilerThread0" daemon [_thread_in_native, id=22332, stack(0x0000005b5dd00000,0x0000005b5de00000)]


Current CompileTask:
C2:  15480 4066       4       org.springframework.core.annotation.AnnotationsScanner::getDeclaredAnnotations (166 bytes)

Stack: [0x0000005b5dd00000,0x0000005b5de00000]
Native frames: (J=compiled Java code, j=interpreted, Vv=VM code, C=native code)
V  [jvm.dll+0x67a04a]
V  [jvm.dll+0x7da4ed]
V  [jvm.dll+0x7dbe33]
V  [jvm.dll+0x7dc4a3]
V  [jvm.dll+0x24508f]
V  [jvm.dll+0xab773]
V  [jvm.dll+0xabd3c]
V  [jvm.dll+0x361bee]
V  [jvm.dll+0x1ba45a]
V  [jvm.dll+0x216997]
V  [jvm.dll+0x215c6f]
V  [jvm.dll+0x1a2960]
V  [jvm.dll+0x22610b]
V  [jvm.dll+0x2242ab]
V  [jvm.dll+0x79075c]
V  [jvm.dll+0x78abea]
V  [jvm.dll+0x678f35]
C  [ucrtbase.dll+0x26c0c]
C  [KERNEL32.DLL+0x153e0]
C  [ntdll.dll+0x485b]


---------------  P R O C E S S  ---------------

Threads class SMR info:
_java_thread_list=0x000001fff0dc5ab0, length=15, elements={
0x000001ff8bc6a0e0, 0x000001ffa94dd1c0, 0x000001ffa94de040, 0x000001ffa94f0ad0,
0x000001ffa94f24a0, 0x000001ffa94f2e60, 0x000001ffa94f4830, 0x000001ffa94f55d0,
0x000001ffa94f6080, 0x000001ffa94f9230, 0x000001ffa96bec50, 0x000001ffa99135e0,
0x000001ffa9913ac0, 0x000001ffef768270, 0x000001ffef8bfa80
}

Java Threads: ( => current thread )
  0x000001ff8bc6a0e0 JavaThread "main" [_thread_blocked, id=13896, stack(0x0000005b5d000000,0x0000005b5d100000)]
  0x000001ffa94dd1c0 JavaThread "Reference Handler" daemon [_thread_blocked, id=12992, stack(0x0000005b5d700000,0x0000005b5d800000)]
  0x000001ffa94de040 JavaThread "Finalizer" daemon [_thread_blocked, id=19696, stack(0x0000005b5d800000,0x0000005b5d900000)]
  0x000001ffa94f0ad0 JavaThread "Signal Dispatcher" daemon [_thread_blocked, id=12896, stack(0x0000005b5d900000,0x0000005b5da00000)]
  0x000001ffa94f24a0 JavaThread "Attach Listener" daemon [_thread_blocked, id=2500, stack(0x0000005b5da00000,0x0000005b5db00000)]
  0x000001ffa94f2e60 JavaThread "Service Thread" daemon [_thread_blocked, id=14188, stack(0x0000005b5db00000,0x0000005b5dc00000)]
  0x000001ffa94f4830 JavaThread "Monitor Deflation Thread" daemon [_thread_blocked, id=6700, stack(0x0000005b5dc00000,0x0000005b5dd00000)]
=>0x000001ffa94f55d0 JavaThread "C2 CompilerThread0" daemon [_thread_in_native, id=22332, stack(0x0000005b5dd00000,0x0000005b5de00000)]
  0x000001ffa94f6080 JavaThread "C1 CompilerThread0" daemon [_thread_blocked, id=10836, stack(0x0000005b5de00000,0x0000005b5df00000)]
  0x000001ffa94f9230 JavaThread "Sweeper thread" daemon [_thread_blocked, id=1216, stack(0x0000005b5df00000,0x0000005b5e000000)]
  0x000001ffa96bec50 JavaThread "Common-Cleaner" daemon [_thread_blocked, id=14256, stack(0x0000005b5e000000,0x0000005b5e100000)]
  0x000001ffa99135e0 JavaThread "Monitor Ctrl-Break" daemon [_thread_in_native, id=1636, stack(0x0000005b5e200000,0x0000005b5e300000)]
  0x000001ffa9913ac0 JavaThread "Notification Thread" daemon [_thread_blocked, id=11536, stack(0x0000005b5e300000,0x0000005b5e400000)]
  0x000001ffef768270 JavaThread "Thread-0" [_thread_blocked, id=8900, stack(0x0000005b5e100000,0x0000005b5e200000)]
  0x000001ffef8bfa80 JavaThread "restartedMain" [_thread_in_Java, id=21592, stack(0x0000005b5e900000,0x0000005b5ea00000)]

Other Threads:
  0x000001ffa94d6a10 VMThread "VM Thread" [stack: 0x0000005b5d600000,0x0000005b5d700000] [id=1160]
  0x000001ffa9913fa0 WatcherThread [stack: 0x0000005b5e400000,0x0000005b5e500000] [id=15932]
  0x000001ff8bcc5810 GCTaskThread "GC Thread#0" [stack: 0x0000005b5d100000,0x0000005b5d200000] [id=17976]
  0x000001ffef5d7c60 GCTaskThread "GC Thread#1" [stack: 0x0000005b5e500000,0x0000005b5e600000] [id=20468]
  0x000001fff007f3c0 GCTaskThread "GC Thread#2" [stack: 0x0000005b5e600000,0x0000005b5e700000] [id=14484]
  0x000001ffef41a770 GCTaskThread "GC Thread#3" [stack: 0x0000005b5e700000,0x0000005b5e800000] [id=18848]
  0x000001ff8bcd63e0 ConcurrentGCThread "G1 Main Marker" [stack: 0x0000005b5d200000,0x0000005b5d300000] [id=20856]
  0x000001ff8bcd6df0 ConcurrentGCThread "G1 Conc#0" [stack: 0x0000005b5d300000,0x0000005b5d400000] [id=9560]
  0x000001ff8bd3dbb0 ConcurrentGCThread "G1 Refine#0" [stack: 0x0000005b5d400000,0x0000005b5d500000] [id=4992]
  0x000001ffef1fdd70 ConcurrentGCThread "G1 Refine#1" [stack: 0x0000005b5e800000,0x0000005b5e900000] [id=10876]
  0x000001fff1684c50 ConcurrentGCThread "G1 Refine#2" [stack: 0x0000005b5ea00000,0x0000005b5eb00000] [id=13852]
  0x000001ff8bd3e5e0 ConcurrentGCThread "G1 Service" [stack: 0x0000005b5d500000,0x0000005b5d600000] [id=17972]

Threads with active compile tasks:
C2 CompilerThread0    15670 4066       4       org.springframework.core.annotation.AnnotationsScanner::getDeclaredAnnotations (166 bytes)

VM state: not at safepoint (normal execution)

VM Mutex/Monitor currently owned by a thread: None

Heap address: 0x0000000081c00000, size: 2020 MB, Compressed Oops mode: 32-bit

CDS archive(s) mapped at: [0x000001ffaa000000-0x000001ffaabd0000-0x000001ffaabd0000), size 12386304, SharedBaseAddress: 0x000001ffaa000000, ArchiveRelocationMode: 1.
Compressed class space mapped at: 0x000001ffab000000-0x000001ffeb000000, reserved size: 1073741824
Narrow klass base: 0x000001ffaa000000, Narrow klass shift: 0, Narrow klass range: 0x100000000

GC Precious Log:
 CPUs: 4 total, 4 available
 Memory: 8073M
 Large Page Support: Disabled
 NUMA Support: Disabled
 Compressed Oops: Enabled (32-bit)
 Heap Region Size: 1M
 Heap Min Capacity: 8M
 Heap Initial Capacity: 128M
 Heap Max Capacity: 2020M
 Pre-touch: Disabled
 Parallel Workers: 4
 Concurrent Workers: 1
 Concurrent Refinement Workers: 4
 Periodic GC: Disabled

Heap:
 garbage-first heap   total 58368K, used 18747K [0x0000000081c00000, 0x0000000100000000)
  region size 1024K, 4 young (4096K), 3 survivors (3072K)
 Metaspace       used 29944K, committed 30400K, reserved 1114112K
  class space    used 3835K, committed 4032K, reserved 1048576K

Heap Regions: E=young(eden), S=young(survivor), O=old, HS=humongous(starts), HC=humongous(continues), CS=collection set, F=free, OA=open archive, CA=closed archive, TAMS=top-at-mark-start (previous, next)
|   0|0x0000000081c00000, 0x0000000081d00000, 0x0000000081d00000|100%|HS|  |TAMS 0x0000000081d00000, 0x0000000081c00000| Complete 
|   1|0x0000000081d00000, 0x0000000081e00000, 0x0000000081e00000|100%|HS|  |TAMS 0x0000000081e00000, 0x0000000081d00000| Complete 
|   2|0x0000000081e00000, 0x0000000081f00000, 0x0000000081f00000|100%| O|  |TAMS 0x0000000081f00000, 0x0000000081e00000| Untracked 
|   3|0x0000000081f00000, 0x0000000082000000, 0x0000000082000000|100%| O|  |TAMS 0x0000000082000000, 0x0000000081f00000| Untracked 
|   4|0x0000000082000000, 0x0000000082100000, 0x0000000082100000|100%| O|  |TAMS 0x0000000082100000, 0x0000000082000000| Untracked 
|   5|0x0000000082100000, 0x0000000082200000, 0x0000000082200000|100%| O|  |TAMS 0x0000000082200000, 0x0000000082100000| Untracked 
|   6|0x0000000082200000, 0x0000000082300000, 0x0000000082300000|100%| O|  |TAMS 0x0000000082300000, 0x0000000082200000| Untracked 
|   7|0x0000000082300000, 0x0000000082300000, 0x0000000082400000|  0%| F|  |TAMS 0x0000000082300000, 0x0000000082300000| Untracked 
|   8|0x0000000082400000, 0x0000000082500000, 0x0000000082500000|100%| O|  |TAMS 0x0000000082400000, 0x0000000082400000| Untracked 
|   9|0x0000000082500000, 0x0000000082600000, 0x0000000082600000|100%| O|  |TAMS 0x0000000082500000, 0x0000000082500000| Untracked 
|  10|0x0000000082600000, 0x0000000082700000, 0x0000000082700000|100%| O|  |TAMS 0x0000000082600000, 0x0000000082600000| Untracked 
|  11|0x0000000082700000, 0x0000000082800000, 0x0000000082800000|100%| O|  |TAMS 0x0000000082700000, 0x0000000082700000| Untracked 
|  12|0x0000000082800000, 0x0000000082900000, 0x0000000082900000|100%| O|  |TAMS 0x0000000082800000, 0x0000000082800000| Untracked 
|  13|0x0000000082900000, 0x0000000082a00000, 0x0000000082a00000|100%| O|  |TAMS 0x0000000082900000, 0x0000000082900000| Untracked 
|  14|0x0000000082a00000, 0x0000000082b00000, 0x0000000082b00000|100%| O|  |TAMS 0x0000000082a00000, 0x0000000082a00000| Untracked 
|  15|0x0000000082b00000, 0x0000000082c00000, 0x0000000082c00000|100%| O|  |TAMS 0x0000000082b00000, 0x0000000082b00000| Untracked 
|  16|0x0000000082c00000, 0x0000000082d00000, 0x0000000082d00000|100%| O|  |TAMS 0x0000000082c00000, 0x0000000082c00000| Untracked 
|  17|0x0000000082d00000, 0x0000000082d19400, 0x0000000082e00000|  9%| O|  |TAMS 0x0000000082d00000, 0x0000000082d00000| Untracked 
|  18|0x0000000082e00000, 0x0000000082e00000, 0x0000000082f00000|  0%| F|  |TAMS 0x0000000082e00000, 0x0000000082e00000| Untracked 
|  19|0x0000000082f00000, 0x0000000082f00000, 0x0000000083000000|  0%| F|  |TAMS 0x0000000082f00000, 0x0000000082f00000| Untracked 
|  20|0x0000000083000000, 0x0000000083000000, 0x0000000083100000|  0%| F|  |TAMS 0x0000000083000000, 0x0000000083000000| Untracked 
|  21|0x0000000083100000, 0x0000000083100000, 0x0000000083200000|  0%| F|  |TAMS 0x0000000083100000, 0x0000000083100000| Untracked 
|  22|0x0000000083200000, 0x0000000083200000, 0x0000000083300000|  0%| F|  |TAMS 0x0000000083200000, 0x0000000083200000| Untracked 
|  23|0x0000000083300000, 0x0000000083300000, 0x0000000083400000|  0%| F|  |TAMS 0x0000000083300000, 0x0000000083300000| Untracked 
|  24|0x0000000083400000, 0x0000000083400000, 0x0000000083500000|  0%| F|  |TAMS 0x0000000083400000, 0x0000000083400000| Untracked 
|  25|0x0000000083500000, 0x0000000083500000, 0x0000000083600000|  0%| F|  |TAMS 0x0000000083500000, 0x0000000083500000| Untracked 
|  26|0x0000000083600000, 0x0000000083600000, 0x0000000083700000|  0%| F|  |TAMS 0x0000000083600000, 0x0000000083600000| Untracked 
|  27|0x0000000083700000, 0x0000000083700000, 0x0000000083800000|  0%| F|  |TAMS 0x0000000083700000, 0x0000000083700000| Untracked 
|  28|0x0000000083800000, 0x0000000083800000, 0x0000000083900000|  0%| F|  |TAMS 0x0000000083800000, 0x0000000083800000| Untracked 
|  29|0x0000000083900000, 0x0000000083900000, 0x0000000083a00000|  0%| F|  |TAMS 0x0000000083900000, 0x0000000083900000| Untracked 
|  30|0x0000000083a00000, 0x0000000083a35840, 0x0000000083b00000| 20%| S|CS|TAMS 0x0000000083a00000, 0x0000000083a00000| Complete 
|  31|0x0000000083b00000, 0x0000000083c00000, 0x0000000083c00000|100%| S|CS|TAMS 0x0000000083b00000, 0x0000000083b00000| Complete 
|  32|0x0000000083c00000, 0x0000000083d00000, 0x0000000083d00000|100%| S|CS|TAMS 0x0000000083c00000, 0x0000000083c00000| Complete 
|  33|0x0000000083d00000, 0x0000000083d00000, 0x0000000083e00000|  0%| F|  |TAMS 0x0000000083d00000, 0x0000000083d00000| Untracked 
|  34|0x0000000083e00000, 0x0000000083e00000, 0x0000000083f00000|  0%| F|  |TAMS 0x0000000083e00000, 0x0000000083e00000| Untracked 
|  35|0x0000000083f00000, 0x0000000083f00000, 0x0000000084000000|  0%| F|  |TAMS 0x0000000083f00000, 0x0000000083f00000| Untracked 
|  36|0x0000000084000000, 0x0000000084000000, 0x0000000084100000|  0%| F|  |TAMS 0x0000000084000000, 0x0000000084000000| Untracked 
|  37|0x0000000084100000, 0x0000000084100000, 0x0000000084200000|  0%| F|  |TAMS 0x0000000084100000, 0x0000000084100000| Untracked 
|  38|0x0000000084200000, 0x0000000084200000, 0x0000000084300000|  0%| F|  |TAMS 0x0000000084200000, 0x0000000084200000| Untracked 
|  39|0x0000000084300000, 0x0000000084300000, 0x0000000084400000|  0%| F|  |TAMS 0x0000000084300000, 0x0000000084300000| Untracked 
|  40|0x0000000084400000, 0x0000000084400000, 0x0000000084500000|  0%| F|  |TAMS 0x0000000084400000, 0x0000000084400000| Untracked 
|  41|0x0000000084500000, 0x0000000084500000, 0x0000000084600000|  0%| F|  |TAMS 0x0000000084500000, 0x0000000084500000| Untracked 
|  42|0x0000000084600000, 0x0000000084600000, 0x0000000084700000|  0%| F|  |TAMS 0x0000000084600000, 0x0000000084600000| Untracked 
|  43|0x0000000084700000, 0x0000000084700000, 0x0000000084800000|  0%| F|  |TAMS 0x0000000084700000, 0x0000000084700000| Untracked 
|  44|0x0000000084800000, 0x0000000084800000, 0x0000000084900000|  0%| F|  |TAMS 0x0000000084800000, 0x0000000084800000| Untracked 
|  45|0x0000000084900000, 0x0000000084900000, 0x0000000084a00000|  0%| F|  |TAMS 0x0000000084900000, 0x0000000084900000| Untracked 
|  46|0x0000000084a00000, 0x0000000084a00000, 0x0000000084b00000|  0%| F|  |TAMS 0x0000000084a00000, 0x0000000084a00000| Untracked 
|  47|0x0000000084b00000, 0x0000000084b00000, 0x0000000084c00000|  0%| F|  |TAMS 0x0000000084b00000, 0x0000000084b00000| Untracked 
|  63|0x0000000085b00000, 0x0000000085b00000, 0x0000000085c00000|  0%| F|  |TAMS 0x0000000085b00000, 0x0000000085b00000| Untracked 
|  64|0x0000000085c00000, 0x0000000085c00000, 0x0000000085d00000|  0%| F|  |TAMS 0x0000000085c00000, 0x0000000085c00000| Untracked 
|  65|0x0000000085d00000, 0x0000000085d00000, 0x0000000085e00000|  0%| F|  |TAMS 0x0000000085d00000, 0x0000000085d00000| Untracked 
|  66|0x0000000085e00000, 0x0000000085e00000, 0x0000000085f00000|  0%| F|  |TAMS 0x0000000085e00000, 0x0000000085e00000| Untracked 
|  67|0x0000000085f00000, 0x0000000085f00000, 0x0000000086000000|  0%| F|  |TAMS 0x0000000085f00000, 0x0000000085f00000| Untracked 
|  68|0x0000000086000000, 0x0000000086000000, 0x0000000086100000|  0%| F|  |TAMS 0x0000000086000000, 0x0000000086000000| Untracked 
|  69|0x0000000086100000, 0x0000000086100000, 0x0000000086200000|  0%| F|  |TAMS 0x0000000086100000, 0x0000000086100000| Untracked 
|  70|0x0000000086200000, 0x0000000086200000, 0x0000000086300000|  0%| F|  |TAMS 0x0000000086200000, 0x0000000086200000| Untracked 
| 127|0x0000000089b00000, 0x0000000089bc5768, 0x0000000089c00000| 77%| E|  |TAMS 0x0000000089b00000, 0x0000000089b00000| Complete 

Card table byte_map: [0x000001ffa2930000,0x000001ffa2d30000] _byte_map_base: 0x000001ffa2522000

Marking Bits (Prev, Next): (CMBitMap*) 0x000001ff8bcc5e70, (CMBitMap*) 0x000001ff8bcc5e30
 Prev Bits: [0x000001ffa50c0000, 0x000001ffa7050000)
 Next Bits: [0x000001ffa3130000, 0x000001ffa50c0000)

Polling page: 0x000001ff89bd0000

Metaspace:

Usage:
  Non-class:     25.50 MB used.
      Class:      3.75 MB used.
       Both:     29.24 MB used.

Virtual space:
  Non-class space:       64.00 MB reserved,      25.75 MB ( 40%) committed,  1 nodes.
      Class space:        1.00 GB reserved,       3.94 MB ( <1%) committed,  1 nodes.
             Both:        1.06 GB reserved,      29.69 MB (  3%) committed. 

Chunk freelists:
   Non-Class:  5.49 MB
       Class:  11.88 MB
        Both:  17.36 MB

MaxMetaspaceSize: unlimited
CompressedClassSpaceSize: 1.00 GB
Initial GC threshold: 21.00 MB
Current GC threshold: 35.25 MB
CDS: on
MetaspaceReclaimPolicy: balanced
 - commit_granule_bytes: 65536.
 - commit_granule_words: 8192.
 - virtual_space_node_default_size: 8388608.
 - enlarge_chunks_in_place: 1.
 - new_chunks_are_fully_committed: 0.
 - uncommit_free_chunks: 1.
 - use_allocation_guard: 0.
 - handle_deallocations: 1.


Internal statistics:

num_allocs_failed_limit: 3.
num_arena_births: 550.
num_arena_deaths: 0.
num_vsnodes_births: 2.
num_vsnodes_deaths: 0.
num_space_committed: 475.
num_space_uncommitted: 0.
num_chunks_returned_to_freelist: 3.
num_chunks_taken_from_freelist: 1638.
num_chunk_merges: 3.
num_chunk_splits: 1118.
num_chunks_enlarged: 821.
num_inconsistent_stats: 0.

CodeHeap 'non-profiled nmethods': size=120000Kb used=2128Kb max_used=2128Kb free=117871Kb
 bounds [0x000001ff9b000000, 0x000001ff9b270000, 0x000001ffa2530000]
CodeHeap 'profiled nmethods': size=120000Kb used=9041Kb max_used=9041Kb free=110959Kb
 bounds [0x000001ff93530000, 0x000001ff93e10000, 0x000001ff9aa60000]
CodeHeap 'non-nmethods': size=5760Kb used=1226Kb max_used=1332Kb free=4533Kb
 bounds [0x000001ff9aa60000, 0x000001ff9acd0000, 0x000001ff9b000000]
 total_blobs=4604 nmethods=4073 adapters=442
 compilation: enabled
              stopped_count=0, restarted_count=0
 full_count=0

Compilation events (20 events):
Event: 14.620 Thread 0x000001ffa94f6080 4069   !   3       org.springframework.util.ReflectionUtils::doWithLocalFields (66 bytes)
Event: 14.624 Thread 0x000001ffa94f6080 nmethod 4069 0x000001ff93dfdd90 code [0x000001ff93dfdfa0, 0x000001ff93dfe588]
Event: 14.631 Thread 0x000001ffa94f6080 4070       3       org.springframework.core.BridgeMethodResolver$$Lambda$685/0x000001ffab371ca8::<init> (10 bytes)
Event: 14.631 Thread 0x000001ffa94f6080 nmethod 4070 0x000001ff93dfe890 code [0x000001ff93dfea20, 0x000001ff93dfebd8]
Event: 14.631 Thread 0x000001ffa94f6080 4071       3       org.springframework.core.BridgeMethodResolver$$Lambda$686/0x000001ffab371ed8::<init> (10 bytes)
Event: 14.631 Thread 0x000001ffa94f6080 nmethod 4071 0x000001ff93dfec90 code [0x000001ff93dfee20, 0x000001ff93dfefd8]
Event: 14.638 Thread 0x000001ffa94f6080 4074       2       org.springframework.util.ReflectionUtils::findMethod (109 bytes)
Event: 14.640 Thread 0x000001ffa94f6080 nmethod 4074 0x000001ff93dff090 code [0x000001ff93dff2c0, 0x000001ff93dff828]
Event: 14.650 Thread 0x000001ffa94f6080 4075   !   2       org.springframework.beans.factory.support.FactoryBeanRegistrySupport::getTypeForFactoryBean (22 bytes)
Event: 14.650 Thread 0x000001ffa94f6080 nmethod 4075 0x000001ff93dffc90 code [0x000001ff93dffe40, 0x000001ff93dffff8]
Event: 14.834 Thread 0x000001ffa94f55d0 nmethod 4048 0x000001ff9b20fb90 code [0x000001ff9b20fec0, 0x000001ff9b2120e0]
Event: 14.834 Thread 0x000001ffa94f55d0 4066       4       org.springframework.core.annotation.AnnotationsScanner::getDeclaredAnnotations (166 bytes)
Event: 15.047 Thread 0x000001ffa94f6080 4076       3       org.springframework.core.annotation.AnnotationAwareOrderComparator::findOrder (18 bytes)
Event: 15.048 Thread 0x000001ffa94f6080 nmethod 4076 0x000001ff93e00110 code [0x000001ff93e00300, 0x000001ff93e008a8]
Event: 15.447 Thread 0x000001ffa94f6080 4077       3       java.nio.Buffer::mark (10 bytes)
Event: 15.447 Thread 0x000001ffa94f6080 nmethod 4077 0x000001ff93e00a10 code [0x000001ff93e00ba0, 0x000001ff93e00cb8]
Event: 15.448 Thread 0x000001ffa94f6080 4078       3       java.nio.CharBuffer::<init> (24 bytes)
Event: 15.448 Thread 0x000001ffa94f6080 nmethod 4078 0x000001ff93e00d90 code [0x000001ff93e00f40, 0x000001ff93e010e8]
Event: 15.448 Thread 0x000001ffa94f6080 4079       3       java.nio.CharBuffer::limit (6 bytes)
Event: 15.448 Thread 0x000001ffa94f6080 nmethod 4079 0x000001ff93e01190 code [0x000001ff93e01340, 0x000001ff93e014e8]

GC Heap History (12 events):
Event: 1.123 GC heap before
{Heap before GC invocations=0 (full 0):
 garbage-first heap   total 131072K, used 14336K [0x0000000081c00000, 0x0000000100000000)
  region size 1024K, 13 young (13312K), 0 survivors (0K)
 Metaspace       used 3028K, committed 3200K, reserved 1114112K
  class space    used 306K, committed 384K, reserved 1048576K
}
Event: 1.140 GC heap after
{Heap after GC invocations=1 (full 0):
 garbage-first heap   total 131072K, used 7286K [0x0000000081c00000, 0x0000000100000000)
  region size 1024K, 2 young (2048K), 2 survivors (2048K)
 Metaspace       used 3028K, committed 3200K, reserved 1114112K
  class space    used 306K, committed 384K, reserved 1048576K
}
Event: 1.814 GC heap before
{Heap before GC invocations=1 (full 0):
 garbage-first heap   total 131072K, used 17526K [0x0000000081c00000, 0x0000000100000000)
  region size 1024K, 13 young (13312K), 2 survivors (2048K)
 Metaspace       used 5989K, committed 6208K, reserved 1114112K
  class space    used 695K, committed 832K, reserved 1048576K
}
Event: 1.817 GC heap after
{Heap after GC invocations=2 (full 0):
 garbage-first heap   total 131072K, used 8149K [0x0000000081c00000, 0x0000000100000000)
  region size 1024K, 1 young (1024K), 1 survivors (1024K)
 Metaspace       used 5989K, committed 6208K, reserved 1114112K
  class space    used 695K, committed 832K, reserved 1048576K
}
Event: 3.166 GC heap before
{Heap before GC invocations=2 (full 0):
 garbage-first heap   total 131072K, used 32725K [0x0000000081c00000, 0x0000000100000000)
  region size 1024K, 26 young (26624K), 1 survivors (1024K)
 Metaspace       used 12300K, committed 12672K, reserved 1114112K
  class space    used 1532K, committed 1728K, reserved 1048576K
}
Event: 3.174 GC heap after
{Heap after GC invocations=3 (full 0):
 garbage-first heap   total 131072K, used 9999K [0x0000000081c00000, 0x0000000100000000)
  region size 1024K, 3 young (3072K), 3 survivors (3072K)
 Metaspace       used 12300K, committed 12672K, reserved 1114112K
  class space    used 1532K, committed 1728K, reserved 1048576K
}
Event: 8.116 GC heap before
{Heap before GC invocations=3 (full 0):
 garbage-first heap   total 131072K, used 64271K [0x0000000081c00000, 0x0000000100000000)
  region size 1024K, 57 young (58368K), 3 survivors (3072K)
 Metaspace       used 21238K, committed 21504K, reserved 1114112K
  class space    used 2637K, committed 2752K, reserved 1048576K
}
Event: 8.134 GC heap after
{Heap after GC invocations=4 (full 0):
 garbage-first heap   total 131072K, used 14706K [0x0000000081c00000, 0x0000000100000000)
  region size 1024K, 8 young (8192K), 8 survivors (8192K)
 Metaspace       used 21238K, committed 21504K, reserved 1114112K
  class space    used 2637K, committed 2752K, reserved 1048576K
}
Event: 10.762 GC heap before
{Heap before GC invocations=5 (full 0):
 garbage-first heap   total 58368K, used 41330K [0x0000000081c00000, 0x0000000100000000)
  region size 1024K, 34 young (34816K), 8 survivors (8192K)
 Metaspace       used 25079K, committed 25472K, reserved 1114112K
  class space    used 3201K, committed 3392K, reserved 1048576K
}
Event: 10.777 GC heap after
{Heap after GC invocations=6 (full 0):
 garbage-first heap   total 58368K, used 17015K [0x0000000081c00000, 0x0000000100000000)
  region size 1024K, 3 young (3072K), 3 survivors (3072K)
 Metaspace       used 25079K, committed 25472K, reserved 1114112K
  class space    used 3201K, committed 3392K, reserved 1048576K
}
Event: 10.981 GC heap before
{Heap before GC invocations=6 (full 0):
 garbage-first heap   total 58368K, used 18039K [0x0000000081c00000, 0x0000000100000000)
  region size 1024K, 4 young (4096K), 3 survivors (3072K)
 Metaspace       used 25355K, committed 25792K, reserved 1114112K
  class space    used 3248K, committed 3456K, reserved 1048576K
}
Event: 10.986 GC heap after
{Heap after GC invocations=7 (full 0):
 garbage-first heap   total 58368K, used 17088K [0x0000000081c00000, 0x0000000100000000)
  region size 1024K, 1 young (1024K), 1 survivors (1024K)
 Metaspace       used 25355K, committed 25792K, reserved 1114112K
  class space    used 3248K, committed 3456K, reserved 1048576K
}

Deoptimization events (20 events):
Event: 11.343 Thread 0x000001ffef8bfa80 DEOPT PACKING pc=0x000001ff9b13c5b4 sp=0x0000005b5e9fa290
Event: 11.343 Thread 0x000001ffef8bfa80 DEOPT UNPACKING pc=0x000001ff9aab23a3 sp=0x0000005b5e9fa228 mode 2
Event: 11.663 Thread 0x000001ffef8bfa80 Uncommon trap: trap_request=0xffffffde fr.pc=0x000001ff9b1c3ef0 relative=0x0000000000000750
Event: 11.663 Thread 0x000001ffef8bfa80 Uncommon trap: reason=class_check action=maybe_recompile pc=0x000001ff9b1c3ef0 method=org.springframework.core.ResolvableType.resolveType()Lorg/springframework/core/ResolvableType; @ 94 c2
Event: 11.663 Thread 0x000001ffef8bfa80 DEOPT PACKING pc=0x000001ff9b1c3ef0 sp=0x0000005b5e9fbe30
Event: 11.663 Thread 0x000001ffef8bfa80 DEOPT UNPACKING pc=0x000001ff9aab23a3 sp=0x0000005b5e9fbd80 mode 2
Event: 11.973 Thread 0x000001ffef8bfa80 DEOPT PACKING pc=0x000001ff939be8b1 sp=0x0000005b5e9fcfa0
Event: 11.973 Thread 0x000001ffef8bfa80 DEOPT UNPACKING pc=0x000001ff9aab2b43 sp=0x0000005b5e9fc458 mode 0
Event: 13.245 Thread 0x000001ffef8bfa80 DEOPT PACKING pc=0x000001ff9358fab4 sp=0x0000005b5e9fd100
Event: 13.245 Thread 0x000001ffef8bfa80 DEOPT UNPACKING pc=0x000001ff9aab2b43 sp=0x0000005b5e9fc570 mode 0
Event: 13.251 Thread 0x000001ffef8bfa80 DEOPT PACKING pc=0x000001ff9358fab4 sp=0x0000005b5e9fd100
Event: 13.251 Thread 0x000001ffef8bfa80 DEOPT UNPACKING pc=0x000001ff9aab2b43 sp=0x0000005b5e9fc570 mode 0
Event: 14.259 Thread 0x000001ffef8bfa80 Uncommon trap: trap_request=0xffffffde fr.pc=0x000001ff9b1c3ef0 relative=0x0000000000000750
Event: 14.259 Thread 0x000001ffef8bfa80 Uncommon trap: reason=class_check action=maybe_recompile pc=0x000001ff9b1c3ef0 method=org.springframework.core.ResolvableType.resolveType()Lorg/springframework/core/ResolvableType; @ 94 c2
Event: 14.259 Thread 0x000001ffef8bfa80 DEOPT PACKING pc=0x000001ff9b1c3ef0 sp=0x0000005b5e9fc2c0
Event: 14.259 Thread 0x000001ffef8bfa80 DEOPT UNPACKING pc=0x000001ff9aab23a3 sp=0x0000005b5e9fc210 mode 2
Event: 14.619 Thread 0x000001ffef8bfa80 Uncommon trap: trap_request=0xffffff45 fr.pc=0x000001ff9b1c2160 relative=0x0000000000000060
Event: 14.619 Thread 0x000001ffef8bfa80 Uncommon trap: reason=unstable_if action=reinterpret pc=0x000001ff9b1c2160 method=java.lang.ClassLoader.createOrGetClassLoaderValueMap()Ljava/util/concurrent/ConcurrentHashMap; @ 6 c2
Event: 14.619 Thread 0x000001ffef8bfa80 DEOPT PACKING pc=0x000001ff9b1c2160 sp=0x0000005b5e9fb680
Event: 14.619 Thread 0x000001ffef8bfa80 DEOPT UNPACKING pc=0x000001ff9aab23a3 sp=0x0000005b5e9fb608 mode 2

Classes unloaded (0 events):
No events

Classes redefined (0 events):
No events

Internal exceptions (20 events):
Event: 11.009 Thread 0x000001ffef8bfa80 Exception <a 'java/lang/NoSuchMethodError'{0x0000000089b22b18}: 'java.lang.Object java.lang.invoke.DirectMethodHandle$Holder.invokeSpecialIFC(java.lang.Object, java.lang.Object, java.lang.Object)'> (0x0000000089b22b18) 
thrown [s\open\src\hotspot\share\interpreter\linkResolver.cpp, line 759]
Event: 11.316 Thread 0x000001ffef8bfa80 Exception <a 'java/lang/NoSuchMethodError'{0x0000000085f2e088}: 'void java.lang.invoke.DirectMethodHandle$Holder.invokeStatic(java.lang.Object, java.lang.Object, int)'> (0x0000000085f2e088) 
thrown [s\open\src\hotspot\share\interpreter\linkResolver.cpp, line 759]
Event: 11.343 Thread 0x000001ffef8bfa80 Implicit null exception at 0x000001ff9b13c40e to 0x000001ff9b13c59c
Event: 11.465 Thread 0x000001ffef8bfa80 Exception <a 'java/lang/NoSuchMethodError'{0x0000000085ebe8b0}: 'void java.lang.invoke.DirectMethodHandle$Holder.invokeInterface(java.lang.Object, java.lang.Object, int)'> (0x0000000085ebe8b0) 
thrown [s\open\src\hotspot\share\interpreter\linkResolver.cpp, line 759]
Event: 11.480 Thread 0x000001ffef8bfa80 Exception <a 'java/lang/IncompatibleClassChangeError'{0x0000000085d0eda0}: Found class java.lang.Object, but interface was expected> (0x0000000085d0eda0) 
thrown [s\open\src\hotspot\share\interpreter\linkResolver.cpp, line 826]
Event: 11.482 Thread 0x000001ffef8bfa80 Exception <a 'java/lang/NoSuchMethodError'{0x0000000085d20468}: 'int java.lang.invoke.DirectMethodHandle$Holder.invokeSpecialIFC(java.lang.Object, java.lang.Object, java.lang.Object)'> (0x0000000085d20468) 
thrown [s\open\src\hotspot\share\interpreter\linkResolver.cpp, line 759]
Event: 11.485 Thread 0x000001ffef8bfa80 Exception <a 'java/lang/NoSuchMethodError'{0x0000000085d38c90}: 'void java.lang.invoke.DirectMethodHandle$Holder.invokeStatic(java.lang.Object, int, java.lang.Object)'> (0x0000000085d38c90) 
thrown [s\open\src\hotspot\share\interpreter\linkResolver.cpp, line 759]
Event: 11.494 Thread 0x000001ffef8bfa80 Exception <a 'java/lang/NoSuchMethodError'{0x0000000085d6c188}: 'int java.lang.invoke.DirectMethodHandle$Holder.invokeSpecial(java.lang.Object, java.lang.Object, int)'> (0x0000000085d6c188) 
thrown [s\open\src\hotspot\share\interpreter\linkResolver.cpp, line 759]
Event: 11.501 Thread 0x000001ffef8bfa80 Exception <a 'java/lang/NoSuchMethodError'{0x0000000085d7a000}: 'void java.lang.invoke.DirectMethodHandle$Holder.invokeVirtual(java.lang.Object, java.lang.Object, int)'> (0x0000000085d7a000) 
thrown [s\open\src\hotspot\share\interpreter\linkResolver.cpp, line 759]
Event: 11.502 Thread 0x000001ffef8bfa80 Exception <a 'java/lang/NoSuchMethodError'{0x0000000085d80248}: 'void java.lang.invoke.DirectMethodHandle$Holder.invokeStatic(java.lang.Object, java.lang.Object, java.lang.Object, int, java.lang.Object)'> (0x0000000085d80248) 
thrown [s\open\src\hotspot\share\interpreter\linkResolver.cpp, line 759]
Event: 11.503 Thread 0x000001ffef8bfa80 Exception <a 'java/lang/NoSuchMethodError'{0x0000000085d87750}: 'java.lang.Object java.lang.invoke.DirectMethodHandle$Holder.newInvokeSpecial(java.lang.Object, java.lang.Object, java.lang.Object, int)'> (0x0000000085d87750) 
thrown [s\open\src\hotspot\share\interpreter\linkResolver.cpp, line 759]
Event: 11.504 Thread 0x000001ffef8bfa80 Exception <a 'java/lang/NoSuchMethodError'{0x0000000085d8ba38}: 'java.lang.Object java.lang.invoke.DirectMethodHandle$Holder.invokeSpecial(java.lang.Object, java.lang.Object, java.lang.Object, java.lang.Object, int)'> (0x0000000085d8ba38) 
thrown [s\open\src\hotspot\share\interpreter\linkResolver.cpp, line 759]
Event: 11.504 Thread 0x000001ffef8bfa80 Exception <a 'java/lang/NoSuchMethodError'{0x0000000085d8f600}: 'java.lang.Object java.lang.invoke.Invokers$Holder.linkToTargetMethod(java.lang.Object, java.lang.Object, int, java.lang.Object)'> (0x0000000085d8f600) 
thrown [s\open\src\hotspot\share\interpreter\linkResolver.cpp, line 759]
Event: 11.798 Thread 0x000001ffef8bfa80 Exception <a 'java/lang/NoSuchMethodError'{0x0000000084bfb070}: 'java.lang.Object java.lang.invoke.DirectMethodHandle$Holder.invokeStaticInit(java.lang.Object, int, int, int, int)'> (0x0000000084bfb070) 
thrown [s\open\src\hotspot\share\interpreter\linkResolver.cpp, line 759]
Event: 11.895 Thread 0x000001ffef8bfa80 Exception <a 'java/lang/NoSuchMethodError'{0x0000000084ab4dd0}: 'java.lang.Object java.lang.invoke.DirectMethodHandle$Holder.invokeStaticInit(java.lang.Object, java.lang.Object, int, int, int, int)'> (0x0000000084ab4dd0) 
thrown [s\open\src\hotspot\share\interpreter\linkResolver.cpp, line 759]
Event: 12.404 Thread 0x000001ffef8bfa80 Exception <a 'sun/nio/fs/WindowsException'{0x0000000084216de0}> (0x0000000084216de0) 
thrown [s\open\src\hotspot\share\prims\jni.cpp, line 516]
Event: 12.411 Thread 0x000001ffef8bfa80 Exception <a 'sun/nio/fs/WindowsException'{0x000000008421c768}> (0x000000008421c768) 
thrown [s\open\src\hotspot\share\prims\jni.cpp, line 516]
Event: 12.412 Thread 0x000001ffef8bfa80 Exception <a 'sun/nio/fs/WindowsException'{0x000000008421ce40}> (0x000000008421ce40) 
thrown [s\open\src\hotspot\share\prims\jni.cpp, line 516]
Event: 13.167 Thread 0x000001ffef8bfa80 Exception <a 'java/io/FileNotFoundException'{0x0000000084138ba8}> (0x0000000084138ba8) 
thrown [s\open\src\hotspot\share\prims\jni.cpp, line 516]
Event: 14.023 Thread 0x000001ffef8bfa80 Exception <a 'java/lang/NoSuchMethodError'{0x0000000083f94958}: 'int java.lang.invoke.DirectMethodHandle$Holder.invokeInterface(java.lang.Object, java.lang.Object, java.lang.Object, java.lang.Object)'> (0x0000000083f94958) 
thrown [s\open\src\hotspot\share\interpreter\linkResolver.cpp, line 759]

VM Operations (20 events):
Event: 10.582 Executing VM operation: HandshakeAllThreads
Event: 10.582 Executing VM operation: HandshakeAllThreads done
Event: 10.582 Executing VM operation: Cleanup
Event: 10.583 Executing VM operation: Cleanup done
Event: 10.762 Executing VM operation: G1CollectForAllocation
Event: 10.777 Executing VM operation: G1CollectForAllocation done
Event: 10.981 Executing VM operation: G1CollectForAllocation
Event: 10.986 Executing VM operation: G1CollectForAllocation done
Event: 11.662 Executing VM operation: HandshakeAllThreads
Event: 11.662 Executing VM operation: HandshakeAllThreads done
Event: 11.716 Executing VM operation: HandshakeAllThreads
Event: 11.716 Executing VM operation: HandshakeAllThreads done
Event: 12.717 Executing VM operation: Cleanup
Event: 12.717 Executing VM operation: Cleanup done
Event: 13.717 Executing VM operation: Cleanup
Event: 13.717 Executing VM operation: Cleanup done
Event: 13.798 Executing VM operation: HandshakeAllThreads
Event: 13.798 Executing VM operation: HandshakeAllThreads done
Event: 14.642 Executing VM operation: HandshakeAllThreads
Event: 14.642 Executing VM operation: HandshakeAllThreads done

Events (20 events):
Event: 13.075 loading class java/util/concurrent/ScheduledThreadPoolExecutor$DelayedWorkQueue
Event: 13.080 loading class java/util/concurrent/ScheduledThreadPoolExecutor$DelayedWorkQueue done
Event: 13.081 loading class java/util/concurrent/RunnableScheduledFuture
Event: 13.084 loading class java/util/concurrent/ScheduledFuture
Event: 13.084 loading class java/util/concurrent/Delayed
Event: 13.084 loading class java/util/concurrent/Delayed done
Event: 13.084 loading class java/util/concurrent/ScheduledFuture done
Event: 13.084 loading class java/util/concurrent/RunnableScheduledFuture done
Event: 13.085 loading class java/util/logging/LogRecord
Event: 13.094 loading class java/util/logging/LogRecord done
Event: 13.120 loading class java/io/PrintWriter
Event: 13.125 loading class java/io/PrintWriter done
Event: 14.244 loading class java/util/UUID$Holder
Event: 14.250 loading class java/util/UUID$Holder done
Event: 14.653 loading class java/util/stream/SortedOps$SizedRefSortingSink
Event: 15.046 loading class java/util/stream/SortedOps$SizedRefSortingSink done
Event: 15.265 loading class javax/net/ssl/SSLException
Event: 15.269 loading class javax/net/ssl/SSLException done
Event: 15.269 loading class java/io/EOFException
Event: 15.273 loading class java/io/EOFException done


Dynamic libraries:
0x00007ff612140000 - 0x00007ff612150000 	C:\Program Files\Java\jdk-17\bin\java.exe
0x00007ffd73ec0000 - 0x00007ffd740c9000 	C:\WINDOWS\SYSTEM32\ntdll.dll
0x00007ffd720f0000 - 0x00007ffd721ad000 	C:\WINDOWS\System32\KERNEL32.DLL
0x00007ffd71350000 - 0x00007ffd716d4000 	C:\WINDOWS\System32\KERNELBASE.dll
0x00007ffd71ad0000 - 0x00007ffd71be1000 	C:\WINDOWS\System32\ucrtbase.dll
0x00007ffd5d910000 - 0x00007ffd5d92b000 	C:\Program Files\Java\jdk-17\bin\VCRUNTIME140.dll
0x00007ffd6b1e0000 - 0x00007ffd6b1f9000 	C:\Program Files\Java\jdk-17\bin\jli.dll
0x00007ffd71df0000 - 0x00007ffd71e9e000 	C:\WINDOWS\System32\ADVAPI32.dll
0x00007ffd71ec0000 - 0x00007ffd71f63000 	C:\WINDOWS\System32\msvcrt.dll
0x00007ffd73850000 - 0x00007ffd738ee000 	C:\WINDOWS\System32\sechost.dll
0x00007ffd73ba0000 - 0x00007ffd73cc1000 	C:\WINDOWS\System32\RPCRT4.dll
0x00007ffd72340000 - 0x00007ffd724ed000 	C:\WINDOWS\System32\USER32.dll
0x00007ffd716e0000 - 0x00007ffd71706000 	C:\WINDOWS\System32\win32u.dll
0x00007ffd5f210000 - 0x00007ffd5f4b5000 	C:\WINDOWS\WinSxS\amd64_microsoft.windows.common-controls_6595b64144ccf1df_6.0.22000.120_none_9d947278b86cc467\COMCTL32.dll
0x00007ffd73e50000 - 0x00007ffd73e7a000 	C:\WINDOWS\System32\GDI32.dll
0x00007ffd71bf0000 - 0x00007ffd71d0e000 	C:\WINDOWS\System32\gdi32full.dll
0x00007ffd71780000 - 0x00007ffd7181d000 	C:\WINDOWS\System32\msvcp_win.dll
0x00007ffd69dd0000 - 0x00007ffd69dda000 	C:\WINDOWS\SYSTEM32\VERSION.dll
0x00007ffd72950000 - 0x00007ffd72981000 	C:\WINDOWS\System32\IMM32.DLL
0x00007ffd6b1d0000 - 0x00007ffd6b1dc000 	C:\Program Files\Java\jdk-17\bin\vcruntime140_1.dll
0x00007ffd41110000 - 0x00007ffd4119e000 	C:\Program Files\Java\jdk-17\bin\msvcp140.dll
0x00007ffcea5a0000 - 0x00007ffceb180000 	C:\Program Files\Java\jdk-17\bin\server\jvm.dll
0x00007ffd72940000 - 0x00007ffd72948000 	C:\WINDOWS\System32\PSAPI.DLL
0x00007ffd6bc60000 - 0x00007ffd6bc69000 	C:\WINDOWS\SYSTEM32\WSOCK32.dll
0x00007ffd73d60000 - 0x00007ffd73dcf000 	C:\WINDOWS\System32\WS2_32.dll
0x00007ffd6b040000 - 0x00007ffd6b073000 	C:\WINDOWS\SYSTEM32\WINMM.dll
0x00007ffd70380000 - 0x00007ffd70398000 	C:\WINDOWS\SYSTEM32\kernel.appcore.dll
0x00007ffd5d900000 - 0x00007ffd5d90a000 	C:\Program Files\Java\jdk-17\bin\jimage.dll
0x00007ffd6ecd0000 - 0x00007ffd6eef1000 	C:\WINDOWS\SYSTEM32\DBGHELP.DLL
0x00007ffd5c5c0000 - 0x00007ffd5c5f1000 	C:\WINDOWS\SYSTEM32\dbgcore.DLL
0x00007ffd71a50000 - 0x00007ffd71acf000 	C:\WINDOWS\System32\bcryptPrimitives.dll
0x00007ffd6dc80000 - 0x00007ffd6dc8e000 	C:\Program Files\Java\jdk-17\bin\instrument.dll
0x00007ffd41830000 - 0x00007ffd41855000 	C:\Program Files\Java\jdk-17\bin\java.dll
0x00007ffd41030000 - 0x00007ffd41107000 	C:\Program Files\Java\jdk-17\bin\jsvml.dll
0x00007ffd729a0000 - 0x00007ffd73165000 	C:\WINDOWS\System32\SHELL32.dll
0x00007ffd6f3b0000 - 0x00007ffd6fc12000 	C:\WINDOWS\SYSTEM32\windows.storage.dll
0x00007ffd72510000 - 0x00007ffd72886000 	C:\WINDOWS\System32\combase.dll
0x00007ffd6f240000 - 0x00007ffd6f3a7000 	C:\WINDOWS\SYSTEM32\wintypes.dll
0x00007ffd738f0000 - 0x00007ffd739da000 	C:\WINDOWS\System32\SHCORE.dll
0x00007ffd73170000 - 0x00007ffd731cd000 	C:\WINDOWS\System32\shlwapi.dll
0x00007ffd71280000 - 0x00007ffd712a5000 	C:\WINDOWS\SYSTEM32\profapi.dll
0x00007ffd582f0000 - 0x00007ffd58308000 	C:\Program Files\Java\jdk-17\bin\zip.dll
0x00007ffd6b0a0000 - 0x00007ffd6b0b9000 	C:\Program Files\Java\jdk-17\bin\net.dll
0x00007ffd6bee0000 - 0x00007ffd6bff4000 	C:\WINDOWS\SYSTEM32\WINHTTP.dll
0x00007ffd70820000 - 0x00007ffd70887000 	C:\WINDOWS\system32\mswsock.dll
0x00007ffd5d8e0000 - 0x00007ffd5d8f6000 	C:\Program Files\Java\jdk-17\bin\nio.dll
0x00007ffd6bdb0000 - 0x00007ffd6bdca000 	C:\Program Files\JetBrains\IntelliJ IDEA Community Edition 2024.2.2\bin\breakgen64.dll
0x00007ffd69060000 - 0x00007ffd6906a000 	C:\Program Files\Java\jdk-17\bin\management.dll
0x00007ffd68d70000 - 0x00007ffd68d7b000 	C:\Program Files\Java\jdk-17\bin\management_ext.dll
0x00007ffd69230000 - 0x00007ffd6923e000 	C:\Program Files\Java\jdk-17\bin\sunmscapi.dll
0x00007ffd71820000 - 0x00007ffd71982000 	C:\WINDOWS\System32\CRYPT32.dll
0x00007ffd70c00000 - 0x00007ffd70c28000 	C:\WINDOWS\SYSTEM32\ncrypt.dll
0x00007ffd70bc0000 - 0x00007ffd70bf7000 	C:\WINDOWS\SYSTEM32\NTASN1.dll
0x00007ffd70af0000 - 0x00007ffd70b08000 	C:\WINDOWS\SYSTEM32\CRYPTSP.dll
0x00007ffd702e0000 - 0x00007ffd70315000 	C:\WINDOWS\system32\rsaenh.dll
0x00007ffd708c0000 - 0x00007ffd708ec000 	C:\WINDOWS\SYSTEM32\USERENV.dll
0x00007ffd70c30000 - 0x00007ffd70c57000 	C:\WINDOWS\SYSTEM32\bcrypt.dll
0x00007ffd70a10000 - 0x00007ffd70a1c000 	C:\WINDOWS\SYSTEM32\CRYPTBASE.dll
0x00007ffd6fe70000 - 0x00007ffd6fe9d000 	C:\WINDOWS\SYSTEM32\IPHLPAPI.DLL
0x00007ffd72990000 - 0x00007ffd72999000 	C:\WINDOWS\System32\NSI.dll
0x00007ffd6c110000 - 0x00007ffd6c129000 	C:\WINDOWS\SYSTEM32\dhcpcsvc6.DLL
0x00007ffd6c400000 - 0x00007ffd6c41e000 	C:\WINDOWS\SYSTEM32\dhcpcsvc.DLL
0x00007ffd6fea0000 - 0x00007ffd6ff87000 	C:\WINDOWS\SYSTEM32\DNSAPI.dll

dbghelp: loaded successfully - version: 4.0.5 - missing functions: none
symbol engine: initialized successfully - sym options: 0x614 - pdb path: .;C:\Program Files\Java\jdk-17\bin;C:\WINDOWS\SYSTEM32;C:\WINDOWS\WinSxS\amd64_microsoft.windows.common-controls_6595b64144ccf1df_6.0.22000.120_none_9d947278b86cc467;C:\Program Files\Java\jdk-17\bin\server;C:\Program Files\JetBrains\IntelliJ IDEA Community Edition 2024.2.2\bin

VM Arguments:
jvm_args: -javaagent:C:\Program Files\JetBrains\IntelliJ IDEA Community Edition 2024.2.2\lib\idea_rt.jar=49235:C:\Program Files\JetBrains\IntelliJ IDEA Community Edition 2024.2.2\bin -Dfile.encoding=UTF-8 
java_command: com.example.hotel_booking_system_backend.HotelBookingSystemBackendApplication
java_class_path (initial): C:\Users\USER\OneDrive\Desktop\hotel-booking-system-backend\target\classes;C:\Users\USER\.m2\repository\org\springframework\boot\spring-boot-starter-data-jpa\3.5.5\spring-boot-starter-data-jpa-3.5.5.jar;C:\Users\USER\.m2\repository\org\springframework\boot\spring-boot-starter\3.5.5\spring-boot-starter-3.5.5.jar;C:\Users\USER\.m2\repository\org\springframework\boot\spring-boot-starter-logging\3.5.5\spring-boot-starter-logging-3.5.5.jar;C:\Users\USER\.m2\repository\ch\qos\logback\logback-classic\1.5.18\logback-classic-1.5.18.jar;C:\Users\USER\.m2\repository\ch\qos\logback\logback-core\1.5.18\logback-core-1.5.18.jar;C:\Users\USER\.m2\repository\org\apache\logging\log4j\log4j-to-slf4j\2.24.3\log4j-to-slf4j-2.24.3.jar;C:\Users\USER\.m2\repository\org\apache\logging\log4j\log4j-api\2.24.3\log4j-api-2.24.3.jar;C:\Users\USER\.m2\repository\org\slf4j\jul-to-slf4j\2.0.17\jul-to-slf4j-2.0.17.jar;C:\Users\USER\.m2\repository\jakarta\annotation\jakarta.annotation-api\2.1.1\jakarta.annotation-api-2.1.1.jar;C:\Users\USER\.m2\repository\org\yaml\snakeyaml\2.4\snakeyaml-2.4.jar;C:\Users\USER\.m2\repository\org\springframework\boot\spring-boot-starter-jdbc\3.5.5\spring-boot-starter-jdbc-3.5.5.jar;C:\Users\USER\.m2\repository\com\zaxxer\HikariCP\6.3.2\HikariCP-6.3.2.jar;C:\Users\USER\.m2\repository\org\springframework\spring-jdbc\6.2.10\spring-jdbc-6.2.10.jar;C:\Users\USER\.m2\repository\org\hibernate\orm\hibernate-core\6.6.26.Final\hibernate-core-6.6.26.Final.jar;C:\Users\USER\.m2\repository\jakarta\persistence\jakarta.persistence-api\3.1.0\jakarta.persistence-api-3.1.0.jar;C:\Users\USER\.m2\repository\jakarta\transaction\jakarta.transaction-api\2.0.1\jakarta.transaction-api-2.0.1.jar;C:\Users\USER\.m2\repository\org\jboss\logging\jboss-logging\3.6.1.Final\jboss-logging-3.6.1.Final.jar;C:\Users\USER\.m2\repository\org\hibernate\common\hibernate-commons-annotations\7.0.3.Final\hibernate-commons-annotations-7.0.3.Final.jar;C:\Users\USER\.m2\repository\io\sm
Launcher Type: SUN_STANDARD

[Global flags]
     intx CICompilerCount                          = 3                                         {product} {ergonomic}
     uint ConcGCThreads                            = 1                                         {product} {ergonomic}
     uint G1ConcRefinementThreads                  = 4                                         {product} {ergonomic}
   size_t G1HeapRegionSize                         = 1048576                                   {product} {ergonomic}
    uintx GCDrainStackTargetSize                   = 64                                        {product} {ergonomic}
   size_t InitialHeapSize                          = 134217728                                 {product} {ergonomic}
   size_t MarkStackSize                            = 4194304                                   {product} {ergonomic}
   size_t MaxHeapSize                              = 2118123520                                {product} {ergonomic}
   size_t MaxNewSize                               = 1270874112                                {product} {ergonomic}
   size_t MinHeapDeltaBytes                        = 1048576                                   {product} {ergonomic}
   size_t MinHeapSize                              = 8388608                                   {product} {ergonomic}
    uintx NonNMethodCodeHeapSize                   = 5832780                                {pd product} {ergonomic}
    uintx NonProfiledCodeHeapSize                  = 122912730                              {pd product} {ergonomic}
    uintx ProfiledCodeHeapSize                     = 122912730                              {pd product} {ergonomic}
    uintx ReservedCodeCacheSize                    = 251658240                              {pd product} {ergonomic}
     bool SegmentedCodeCache                       = true                                      {product} {ergonomic}
   size_t SoftMaxHeapSize                          = 2118123520                             {manageable} {ergonomic}
     bool UseCompressedClassPointers               = true                           {product lp64_product} {ergonomic}
     bool UseCompressedOops                        = true                           {product lp64_product} {ergonomic}
     bool UseG1GC                                  = true                                      {product} {ergonomic}
     bool UseLargePagesIndividualAllocation        = false                                  {pd product} {ergonomic}

Logging:
Log output configuration:
 #0: stdout all=warning uptime,level,tags
 #1: stderr all=off uptime,level,tags

Environment Variables:
PATH=C:\Python313\Scripts\;C:\Python313\;C:\Program Files (x86)\NVIDIA Corporation\PhysX\Common;C:\Program Files\Common Files\Oracle\Java\javapath;C:\WINDOWS\system32;C:\WINDOWS;C:\WINDOWS\System32\Wbem;C:\WINDOWS\System32\WindowsPowerShell\v1.0\;C:\WINDOWS\System32\OpenSSH\;C:\Program Files\Git\cmd;C:\Users\USER\OneDrive\Documents\mongosh\mongosh-2.1.4-win32-x64\bin;C:\Program Files\dotnet\;C:\Users\USER\AppData\Local\nvm;C:\nvm4w\nodejs;C:\Program Files\nodejs\;C:\ProgramData\chocolatey\bin;C:\Users\USER\AppData\Roaming\nvm;C:\Program Files\nodejs\;C:\Users\USER\IdeaProjects\javafx-sdk-23.0.2\lib;C:\WINDOWS\system32;C:\WINDOWS;C:\WINDOWS\System32\Wbem;C:\WINDOWS\System32\WindowsPowerShell\v1.0\;C:\WINDOWS\System32\OpenSSH\;C:\Program Files\Git\cmd;C:\Users\USER\OneDrive\Documents\mongosh\mongosh-2.1.4-win32-x64\bin;C:\Program Files\nodejs\;C:\Program Files\MongoDB\mongodb-database-tools-windows-x86_64-100.9.4\bin;C:\Program Files (x86)\MongoDB Atlas CLI\;C:\Users\USER\Downloads\mongosh-2.1.4-win32-x64 (1)\mongosh-2.1.4-win32-x64\bin\mongosh_crypt_v1.dll;C:\Users\USER\AppData\Local\Programs\Microsoft VS Code\bin;C:\Program Files\MongoDB\mongodb-database-tools-windows-x86_64-100.9.4\bin;C:\Program Files\JetBrains\IntelliJ IDEA Community Edition 2024.2.2\bin;;C:\Users\USER\AppData\Local\GitHubDesktop\bin;C:\xampp\mysql\bin;C:\Users\USER\AppData\Local\nvm;C:\nvm4w\nodejs;C:\Users\USER\AppData\Roaming\npm
USERNAME=USER
OS=Windows_NT
PROCESSOR_IDENTIFIER=Intel64 Family 6 Model 142 Stepping 9, GenuineIntel



---------------  S Y S T E M  ---------------

OS:
 Windows 11 , 64 bit Build 22000 (10.0.22000.2538)
OS uptime: 8 days 6:21 hours
Hyper-V role detected

CPU: total 4 (initial active 4) (2 cores per cpu, 2 threads per core) family 6 model 142 stepping 9 microcode 0xf6, cx8, cmov, fxsr, ht, mmx, 3dnowpref, sse, sse2, sse3, ssse3, sse4.1, sse4.2, popcnt, lzcnt, tsc, tscinvbit, avx, avx2, aes, erms, clmul, bmi1, bmi2, rtm, adx, fma, vzeroupper, clflush, clflushopt, hv

Memory: 4k page, system-wide physical 8073M (329M free)
TotalPageFile size 16265M (AvailPageFile size 6M)
current process WorkingSet (physical memory assigned to process): 170M, peak: 172M
current process commit charge ("private bytes"): 207M, peak: 263M

vm_info: Java HotSpot(TM) 64-Bit Server VM (17.0.12+8-LTS-286) for windows-amd64 JRE (17.0.12+8-LTS-286), built on Jun  5 2024 06:46:59 by "mach5one" with MS VC++ 17.6 (VS2022)

END.
